2025-07-20 15:11:14.934 [main] INFO  com.itheima.TliasWebManagementApplication - Starting TliasWebManagementApplication using Java 17.0.14 with PID 21898 (/Users/zhoushihao/IdeaProjects/web-ai-project02/tlias-web-management/target/classes started by zhoushihao in /Users/zhoushihao/IdeaProjects/web-ai-project02)
2025-07-20 15:11:14.935 [main] INFO  com.itheima.TliasWebManagementApplication - No active profile set, falling back to 1 default profile: "default"
2025-07-20 15:11:15.377 [main] INFO  o.s.boot.web.embedded.tomcat.TomcatWebServer - Tomcat initialized with port 8080 (http)
2025-07-20 15:11:15.382 [main] INFO  org.apache.coyote.http11.Http11NioProtocol - Initializing ProtocolHandler ["http-nio-8080"]
2025-07-20 15:11:15.382 [main] INFO  org.apache.catalina.core.StandardService - Starting service [Tomcat]
2025-07-20 15:11:15.382 [main] INFO  org.apache.catalina.core.StandardEngine - Starting Servlet engine: [Apache Tomcat/10.1.40]
2025-07-20 15:11:15.398 [main] INFO  o.a.c.core.ContainerBase.[Tomcat].[localhost].[/] - Initializing Spring embedded WebApplicationContext
2025-07-20 15:11:15.398 [main] INFO  o.s.b.w.s.c.ServletWebServerApplicationContext - Root WebApplicationContext: initialization completed in 447 ms
2025-07-20 15:11:19.413 [main] INFO  o.s.b.actuate.endpoint.web.EndpointLinksResolver - Exposing 1 endpoint beneath base path '/actuator'
2025-07-20 15:11:19.862 [main] INFO  org.apache.coyote.http11.Http11NioProtocol - Starting ProtocolHandler ["http-nio-8080"]
2025-07-20 15:11:19.884 [main] INFO  o.s.boot.web.embedded.tomcat.TomcatWebServer - Tomcat started on port 8080 (http) with context path '/'
2025-07-20 15:11:20.101 [main] INFO  com.itheima.TliasWebManagementApplication - Started TliasWebManagementApplication in 5.298 seconds (process running for 5.914)
2025-07-20 15:11:20.875 [RMI TCP Connection(6)-127.0.0.1] INFO  com.zaxxer.hikari.HikariDataSource - HikariPool-1 - Starting...
2025-07-20 15:11:20.878 [RMI TCP Connection(4)-127.0.0.1] INFO  o.a.c.core.ContainerBase.[Tomcat].[localhost].[/] - Initializing Spring DispatcherServlet 'dispatcherServlet'
2025-07-20 15:11:20.879 [RMI TCP Connection(4)-127.0.0.1] INFO  org.springframework.web.servlet.DispatcherServlet - Initializing Servlet 'dispatcherServlet'
2025-07-20 15:11:20.899 [RMI TCP Connection(4)-127.0.0.1] INFO  org.springframework.web.servlet.DispatcherServlet - Completed initialization in 20 ms
2025-07-20 15:11:21.610 [RMI TCP Connection(6)-127.0.0.1] INFO  com.zaxxer.hikari.pool.HikariPool - HikariPool-1 - Added connection com.mysql.cj.jdbc.ConnectionImpl@30343f93
2025-07-20 15:11:21.618 [RMI TCP Connection(6)-127.0.0.1] INFO  com.zaxxer.hikari.HikariDataSource - HikariPool-1 - Start completed.
2025-07-20 15:14:59.081 [SpringApplicationShutdownHook] INFO  o.s.boot.web.embedded.tomcat.GracefulShutdown - Commencing graceful shutdown. Waiting for active requests to complete
2025-07-20 15:14:59.087 [tomcat-shutdown] INFO  o.s.boot.web.embedded.tomcat.GracefulShutdown - Graceful shutdown complete
2025-07-20 15:14:59.092 [SpringApplicationShutdownHook] INFO  com.zaxxer.hikari.HikariDataSource - HikariPool-1 - Shutdown initiated...
2025-07-20 15:14:59.100 [SpringApplicationShutdownHook] INFO  com.zaxxer.hikari.HikariDataSource - HikariPool-1 - Shutdown completed.
2025-07-20 15:15:01.318 [main] INFO  com.itheima.TliasWebManagementApplication - Starting TliasWebManagementApplication using Java 17.0.14 with PID 22256 (/Users/zhoushihao/IdeaProjects/web-ai-project02/tlias-web-management/target/classes started by zhoushihao in /Users/zhoushihao/IdeaProjects/web-ai-project02)
2025-07-20 15:15:01.319 [main] INFO  com.itheima.TliasWebManagementApplication - No active profile set, falling back to 1 default profile: "default"
2025-07-20 15:15:01.791 [main] INFO  o.s.boot.web.embedded.tomcat.TomcatWebServer - Tomcat initialized with port 8080 (http)
2025-07-20 15:15:01.795 [main] INFO  org.apache.coyote.http11.Http11NioProtocol - Initializing ProtocolHandler ["http-nio-8080"]
2025-07-20 15:15:01.796 [main] INFO  org.apache.catalina.core.StandardService - Starting service [Tomcat]
2025-07-20 15:15:01.796 [main] INFO  org.apache.catalina.core.StandardEngine - Starting Servlet engine: [Apache Tomcat/10.1.40]
2025-07-20 15:15:01.811 [main] INFO  o.a.c.core.ContainerBase.[Tomcat].[localhost].[/] - Initializing Spring embedded WebApplicationContext
2025-07-20 15:15:01.811 [main] INFO  o.s.b.w.s.c.ServletWebServerApplicationContext - Root WebApplicationContext: initialization completed in 475 ms
2025-07-20 15:15:01.862 [main] WARN  o.s.b.w.s.c.AnnotationConfigServletWebServerApplicationContext - Exception encountered during context initialization - cancelling refresh attempt: org.springframework.beans.factory.UnsatisfiedDependencyException: Error creating bean with name 'webConfig': Unsatisfied dependency expressed through field 'tokenInterceptor': No qualifying bean of type 'com.itheima.Interceptor.TokenInterceptor' available: expected at least 1 bean which qualifies as autowire candidate. Dependency annotations: {@org.springframework.beans.factory.annotation.Autowired(required=true)}
2025-07-20 15:15:01.863 [main] INFO  org.apache.catalina.core.StandardService - Stopping service [Tomcat]
2025-07-20 15:15:01.873 [main] INFO  o.s.b.a.logging.ConditionEvaluationReportLogger - 

Error starting ApplicationContext. To display the condition evaluation report re-run your application with 'debug' enabled.
2025-07-20 15:15:01.879 [main] ERROR o.s.b.diagnostics.LoggingFailureAnalysisReporter - 

***************************
APPLICATION FAILED TO START
***************************

Description:

Field tokenInterceptor in com.itheima.config.WebConfig required a bean of type 'com.itheima.Interceptor.TokenInterceptor' that could not be found.

The injection point has the following annotations:
	- @org.springframework.beans.factory.annotation.Autowired(required=true)


Action:

Consider defining a bean of type 'com.itheima.Interceptor.TokenInterceptor' in your configuration.

2025-07-20 15:15:22.417 [main] INFO  com.itheima.TliasWebManagementApplication - Starting TliasWebManagementApplication using Java 17.0.14 with PID 22280 (/Users/zhoushihao/IdeaProjects/web-ai-project02/tlias-web-management/target/classes started by zhoushihao in /Users/zhoushihao/IdeaProjects/web-ai-project02)
2025-07-20 15:15:22.418 [main] INFO  com.itheima.TliasWebManagementApplication - No active profile set, falling back to 1 default profile: "default"
2025-07-20 15:15:22.864 [main] INFO  o.s.boot.web.embedded.tomcat.TomcatWebServer - Tomcat initialized with port 8080 (http)
2025-07-20 15:15:22.869 [main] INFO  org.apache.coyote.http11.Http11NioProtocol - Initializing ProtocolHandler ["http-nio-8080"]
2025-07-20 15:15:22.869 [main] INFO  org.apache.catalina.core.StandardService - Starting service [Tomcat]
2025-07-20 15:15:22.869 [main] INFO  org.apache.catalina.core.StandardEngine - Starting Servlet engine: [Apache Tomcat/10.1.40]
2025-07-20 15:15:22.889 [main] INFO  o.a.c.core.ContainerBase.[Tomcat].[localhost].[/] - Initializing Spring embedded WebApplicationContext
2025-07-20 15:15:22.889 [main] INFO  o.s.b.w.s.c.ServletWebServerApplicationContext - Root WebApplicationContext: initialization completed in 457 ms
2025-07-20 15:15:22.941 [main] WARN  o.s.b.w.s.c.AnnotationConfigServletWebServerApplicationContext - Exception encountered during context initialization - cancelling refresh attempt: org.springframework.beans.factory.UnsatisfiedDependencyException: Error creating bean with name 'webConfig': Unsatisfied dependency expressed through field 'tokenInterceptor': No qualifying bean of type 'com.itheima.Interceptor.TokenInterceptor' available: expected at least 1 bean which qualifies as autowire candidate. Dependency annotations: {@org.springframework.beans.factory.annotation.Autowired(required=true)}
2025-07-20 15:15:22.942 [main] INFO  org.apache.catalina.core.StandardService - Stopping service [Tomcat]
2025-07-20 15:15:22.952 [main] INFO  o.s.b.a.logging.ConditionEvaluationReportLogger - 

Error starting ApplicationContext. To display the condition evaluation report re-run your application with 'debug' enabled.
2025-07-20 15:15:22.958 [main] ERROR o.s.b.diagnostics.LoggingFailureAnalysisReporter - 

***************************
APPLICATION FAILED TO START
***************************

Description:

Field tokenInterceptor in com.itheima.config.WebConfig required a bean of type 'com.itheima.Interceptor.TokenInterceptor' that could not be found.

The injection point has the following annotations:
	- @org.springframework.beans.factory.annotation.Autowired(required=true)


Action:

Consider defining a bean of type 'com.itheima.Interceptor.TokenInterceptor' in your configuration.

2025-07-20 15:16:02.422 [main] INFO  com.itheima.TliasWebManagementApplication - Starting TliasWebManagementApplication using Java 17.0.14 with PID 22310 (/Users/zhoushihao/IdeaProjects/web-ai-project02/tlias-web-management/target/classes started by zhoushihao in /Users/zhoushihao/IdeaProjects/web-ai-project02)
2025-07-20 15:16:02.424 [main] INFO  com.itheima.TliasWebManagementApplication - No active profile set, falling back to 1 default profile: "default"
2025-07-20 15:16:02.924 [main] INFO  o.s.boot.web.embedded.tomcat.TomcatWebServer - Tomcat initialized with port 8080 (http)
2025-07-20 15:16:02.929 [main] INFO  org.apache.coyote.http11.Http11NioProtocol - Initializing ProtocolHandler ["http-nio-8080"]
2025-07-20 15:16:02.930 [main] INFO  org.apache.catalina.core.StandardService - Starting service [Tomcat]
2025-07-20 15:16:02.930 [main] INFO  org.apache.catalina.core.StandardEngine - Starting Servlet engine: [Apache Tomcat/10.1.40]
2025-07-20 15:16:02.946 [main] INFO  o.a.c.core.ContainerBase.[Tomcat].[localhost].[/] - Initializing Spring embedded WebApplicationContext
2025-07-20 15:16:02.946 [main] INFO  o.s.b.w.s.c.ServletWebServerApplicationContext - Root WebApplicationContext: initialization completed in 506 ms
2025-07-20 15:16:03.444 [main] WARN  o.s.b.w.s.c.AnnotationConfigServletWebServerApplicationContext - Exception encountered during context initialization - cancelling refresh attempt: org.springframework.beans.factory.BeanCreationException: Error creating bean with name 'welcomePageHandlerMapping' defined in class path resource [org/springframework/boot/autoconfigure/web/servlet/WebMvcAutoConfiguration$EnableWebMvcConfiguration.class]: Failed to instantiate [org.springframework.boot.autoconfigure.web.servlet.WelcomePageHandlerMapping]: Factory method 'welcomePageHandlerMapping' threw exception with message: Interceptor is required
2025-07-20 15:16:03.458 [main] INFO  org.apache.catalina.core.StandardService - Stopping service [Tomcat]
2025-07-20 15:16:03.670 [main] INFO  o.s.b.a.logging.ConditionEvaluationReportLogger - 

Error starting ApplicationContext. To display the condition evaluation report re-run your application with 'debug' enabled.
2025-07-20 15:16:03.715 [main] ERROR org.springframework.boot.SpringApplication - Application run failed
org.springframework.beans.factory.BeanCreationException: Error creating bean with name 'welcomePageHandlerMapping' defined in class path resource [org/springframework/boot/autoconfigure/web/servlet/WebMvcAutoConfiguration$EnableWebMvcConfiguration.class]: Failed to instantiate [org.springframework.boot.autoconfigure.web.servlet.WelcomePageHandlerMapping]: Factory method 'welcomePageHandlerMapping' threw exception with message: Interceptor is required
	at org.springframework.beans.factory.support.ConstructorResolver.instantiate(ConstructorResolver.java:657)
	at org.springframework.beans.factory.support.ConstructorResolver.instantiateUsingFactoryMethod(ConstructorResolver.java:645)
	at org.springframework.beans.factory.support.AbstractAutowireCapableBeanFactory.instantiateUsingFactoryMethod(AbstractAutowireCapableBeanFactory.java:1367)
	at org.springframework.beans.factory.support.AbstractAutowireCapableBeanFactory.createBeanInstance(AbstractAutowireCapableBeanFactory.java:1197)
	at org.springframework.beans.factory.support.AbstractAutowireCapableBeanFactory.doCreateBean(AbstractAutowireCapableBeanFactory.java:569)
	at org.springframework.beans.factory.support.AbstractAutowireCapableBeanFactory.createBean(AbstractAutowireCapableBeanFactory.java:529)
	at org.springframework.beans.factory.support.AbstractBeanFactory.lambda$doGetBean$0(AbstractBeanFactory.java:339)
	at org.springframework.beans.factory.support.DefaultSingletonBeanRegistry.getSingleton(DefaultSingletonBeanRegistry.java:371)
	at org.springframework.beans.factory.support.AbstractBeanFactory.doGetBean(AbstractBeanFactory.java:337)
	at org.springframework.beans.factory.support.AbstractBeanFactory.getBean(AbstractBeanFactory.java:202)
	at org.springframework.beans.factory.support.DefaultListableBeanFactory.instantiateSingleton(DefaultListableBeanFactory.java:1221)
	at org.springframework.beans.factory.support.DefaultListableBeanFactory.preInstantiateSingleton(DefaultListableBeanFactory.java:1187)
	at org.springframework.beans.factory.support.DefaultListableBeanFactory.preInstantiateSingletons(DefaultListableBeanFactory.java:1122)
	at org.springframework.context.support.AbstractApplicationContext.finishBeanFactoryInitialization(AbstractApplicationContext.java:987)
	at org.springframework.context.support.AbstractApplicationContext.refresh(AbstractApplicationContext.java:627)
	at org.springframework.boot.web.servlet.context.ServletWebServerApplicationContext.refresh(ServletWebServerApplicationContext.java:146)
	at org.springframework.boot.SpringApplication.refresh(SpringApplication.java:753)
	at org.springframework.boot.SpringApplication.refreshContext(SpringApplication.java:439)
	at org.springframework.boot.SpringApplication.run(SpringApplication.java:318)
	at org.springframework.boot.SpringApplication.run(SpringApplication.java:1362)
	at org.springframework.boot.SpringApplication.run(SpringApplication.java:1351)
	at com.itheima.TliasWebManagementApplication.main(TliasWebManagementApplication.java:12)
Caused by: org.springframework.beans.BeanInstantiationException: Failed to instantiate [org.springframework.boot.autoconfigure.web.servlet.WelcomePageHandlerMapping]: Factory method 'welcomePageHandlerMapping' threw exception with message: Interceptor is required
	at org.springframework.beans.factory.support.SimpleInstantiationStrategy.lambda$instantiate$0(SimpleInstantiationStrategy.java:199)
	at org.springframework.beans.factory.support.SimpleInstantiationStrategy.instantiateWithFactoryMethod(SimpleInstantiationStrategy.java:88)
	at org.springframework.beans.factory.support.SimpleInstantiationStrategy.instantiate(SimpleInstantiationStrategy.java:168)
	at org.springframework.beans.factory.support.ConstructorResolver.instantiate(ConstructorResolver.java:653)
	... 21 common frames omitted
Caused by: java.lang.IllegalArgumentException: Interceptor is required
	at org.springframework.util.Assert.notNull(Assert.java:181)
	at org.springframework.web.servlet.config.annotation.InterceptorRegistration.<init>(InterceptorRegistration.java:60)
	at org.springframework.web.servlet.config.annotation.InterceptorRegistry.addInterceptor(InterceptorRegistry.java:48)
	at com.itheima.config.WebConfig.addInterceptors(WebConfig.java:17)
	at org.springframework.web.servlet.config.annotation.WebMvcConfigurerComposite.addInterceptors(WebMvcConfigurerComposite.java:89)
	at org.springframework.web.servlet.config.annotation.DelegatingWebMvcConfiguration.addInterceptors(DelegatingWebMvcConfiguration.java:84)
	at org.springframework.web.servlet.config.annotation.WebMvcConfigurationSupport.getInterceptors(WebMvcConfigurationSupport.java:367)
	at org.springframework.boot.autoconfigure.web.servlet.WebMvcAutoConfiguration$EnableWebMvcConfiguration.createWelcomePageHandlerMapping(WebMvcAutoConfiguration.java:440)
	at org.springframework.boot.autoconfigure.web.servlet.WebMvcAutoConfiguration$EnableWebMvcConfiguration.welcomePageHandlerMapping(WebMvcAutoConfiguration.java:420)
	at java.base/jdk.internal.reflect.NativeMethodAccessorImpl.invoke0(Native Method)
	at java.base/jdk.internal.reflect.NativeMethodAccessorImpl.invoke(NativeMethodAccessorImpl.java:77)
	at java.base/jdk.internal.reflect.DelegatingMethodAccessorImpl.invoke(DelegatingMethodAccessorImpl.java:43)
	at java.base/java.lang.reflect.Method.invoke(Method.java:569)
	at org.springframework.beans.factory.support.SimpleInstantiationStrategy.lambda$instantiate$0(SimpleInstantiationStrategy.java:171)
	... 24 common frames omitted
2025-07-20 15:16:26.531 [main] INFO  com.itheima.TliasWebManagementApplication - Starting TliasWebManagementApplication using Java 17.0.14 with PID 22334 (/Users/zhoushihao/IdeaProjects/web-ai-project02/tlias-web-management/target/classes started by zhoushihao in /Users/zhoushihao/IdeaProjects/web-ai-project02)
2025-07-20 15:16:26.532 [main] INFO  com.itheima.TliasWebManagementApplication - No active profile set, falling back to 1 default profile: "default"
2025-07-20 15:16:27.018 [main] INFO  o.s.boot.web.embedded.tomcat.TomcatWebServer - Tomcat initialized with port 8080 (http)
2025-07-20 15:16:27.025 [main] INFO  org.apache.coyote.http11.Http11NioProtocol - Initializing ProtocolHandler ["http-nio-8080"]
2025-07-20 15:16:27.026 [main] INFO  org.apache.catalina.core.StandardService - Starting service [Tomcat]
2025-07-20 15:16:27.026 [main] INFO  org.apache.catalina.core.StandardEngine - Starting Servlet engine: [Apache Tomcat/10.1.40]
2025-07-20 15:16:27.047 [main] INFO  o.a.c.core.ContainerBase.[Tomcat].[localhost].[/] - Initializing Spring embedded WebApplicationContext
2025-07-20 15:16:27.048 [main] INFO  o.s.b.w.s.c.ServletWebServerApplicationContext - Root WebApplicationContext: initialization completed in 500 ms
2025-07-20 15:16:30.860 [main] INFO  o.s.b.actuate.endpoint.web.EndpointLinksResolver - Exposing 1 endpoint beneath base path '/actuator'
2025-07-20 15:16:31.316 [main] INFO  org.apache.coyote.http11.Http11NioProtocol - Starting ProtocolHandler ["http-nio-8080"]
2025-07-20 15:16:31.339 [main] INFO  o.s.boot.web.embedded.tomcat.TomcatWebServer - Tomcat started on port 8080 (http) with context path '/'
2025-07-20 15:16:31.565 [main] INFO  com.itheima.TliasWebManagementApplication - Started TliasWebManagementApplication in 5.156 seconds (process running for 5.578)
2025-07-20 15:16:32.053 [RMI TCP Connection(4)-127.0.0.1] INFO  com.zaxxer.hikari.HikariDataSource - HikariPool-1 - Starting...
2025-07-20 15:16:32.060 [RMI TCP Connection(1)-127.0.0.1] INFO  o.a.c.core.ContainerBase.[Tomcat].[localhost].[/] - Initializing Spring DispatcherServlet 'dispatcherServlet'
2025-07-20 15:16:32.060 [RMI TCP Connection(1)-127.0.0.1] INFO  org.springframework.web.servlet.DispatcherServlet - Initializing Servlet 'dispatcherServlet'
2025-07-20 15:16:32.087 [RMI TCP Connection(1)-127.0.0.1] INFO  org.springframework.web.servlet.DispatcherServlet - Completed initialization in 26 ms
2025-07-20 15:16:32.786 [RMI TCP Connection(4)-127.0.0.1] INFO  com.zaxxer.hikari.pool.HikariPool - HikariPool-1 - Added connection com.mysql.cj.jdbc.ConnectionImpl@2f4ff952
2025-07-20 15:16:32.794 [RMI TCP Connection(4)-127.0.0.1] INFO  com.zaxxer.hikari.HikariDataSource - HikariPool-1 - Start completed.
2025-07-20 15:16:37.423 [http-nio-8080-exec-1] INFO  com.itheima.controller.DeptController - 检索全部部门数据
2025-07-20 15:16:37.751 [http-nio-8080-exec-1] INFO  com.itheima.controller.DeptController - 检索成功
2025-07-20 15:16:41.086 [http-nio-8080-exec-3] INFO  com.itheima.controller.EmpController - 分页查询:,null,null,1,20
2025-07-20 15:16:41.230 [http-nio-8080-exec-3] INFO  com.itheima.controller.EmpController - 查询成功
2025-07-20 15:18:24.243 [SpringApplicationShutdownHook] INFO  o.s.boot.web.embedded.tomcat.GracefulShutdown - Commencing graceful shutdown. Waiting for active requests to complete
2025-07-20 15:18:24.248 [tomcat-shutdown] INFO  o.s.boot.web.embedded.tomcat.GracefulShutdown - Graceful shutdown complete
2025-07-20 15:18:24.251 [SpringApplicationShutdownHook] INFO  com.zaxxer.hikari.HikariDataSource - HikariPool-1 - Shutdown initiated...
2025-07-20 15:18:24.255 [SpringApplicationShutdownHook] INFO  com.zaxxer.hikari.HikariDataSource - HikariPool-1 - Shutdown completed.
2025-07-20 15:18:43.443 [main] INFO  com.itheima.TliasWebManagementApplication - Starting TliasWebManagementApplication using Java 17.0.14 with PID 22406 (/Users/zhoushihao/IdeaProjects/web-ai-project02/tlias-web-management/target/classes started by zhoushihao in /Users/zhoushihao/IdeaProjects/web-ai-project02)
2025-07-20 15:18:43.444 [main] INFO  com.itheima.TliasWebManagementApplication - No active profile set, falling back to 1 default profile: "default"
2025-07-20 15:18:43.883 [main] INFO  o.s.boot.web.embedded.tomcat.TomcatWebServer - Tomcat initialized with port 8080 (http)
2025-07-20 15:18:43.887 [main] INFO  org.apache.coyote.http11.Http11NioProtocol - Initializing ProtocolHandler ["http-nio-8080"]
2025-07-20 15:18:43.888 [main] INFO  org.apache.catalina.core.StandardService - Starting service [Tomcat]
2025-07-20 15:18:43.888 [main] INFO  org.apache.catalina.core.StandardEngine - Starting Servlet engine: [Apache Tomcat/10.1.40]
2025-07-20 15:18:43.904 [main] INFO  o.a.c.core.ContainerBase.[Tomcat].[localhost].[/] - Initializing Spring embedded WebApplicationContext
2025-07-20 15:18:43.904 [main] INFO  o.s.b.w.s.c.ServletWebServerApplicationContext - Root WebApplicationContext: initialization completed in 443 ms
2025-07-20 15:18:47.712 [main] INFO  o.s.b.actuate.endpoint.web.EndpointLinksResolver - Exposing 1 endpoint beneath base path '/actuator'
2025-07-20 15:18:48.171 [main] INFO  org.apache.coyote.http11.Http11NioProtocol - Starting ProtocolHandler ["http-nio-8080"]
2025-07-20 15:18:48.193 [main] INFO  o.s.boot.web.embedded.tomcat.TomcatWebServer - Tomcat started on port 8080 (http) with context path '/'
2025-07-20 15:18:48.411 [main] INFO  com.itheima.TliasWebManagementApplication - Started TliasWebManagementApplication in 5.095 seconds (process running for 5.533)
2025-07-20 15:18:48.940 [RMI TCP Connection(3)-127.0.0.1] INFO  com.zaxxer.hikari.HikariDataSource - HikariPool-1 - Starting...
2025-07-20 15:18:48.947 [RMI TCP Connection(4)-127.0.0.1] INFO  o.a.c.core.ContainerBase.[Tomcat].[localhost].[/] - Initializing Spring DispatcherServlet 'dispatcherServlet'
2025-07-20 15:18:48.947 [RMI TCP Connection(4)-127.0.0.1] INFO  org.springframework.web.servlet.DispatcherServlet - Initializing Servlet 'dispatcherServlet'
2025-07-20 15:18:48.967 [RMI TCP Connection(4)-127.0.0.1] INFO  org.springframework.web.servlet.DispatcherServlet - Completed initialization in 19 ms
2025-07-20 15:18:49.639 [RMI TCP Connection(3)-127.0.0.1] INFO  com.zaxxer.hikari.pool.HikariPool - HikariPool-1 - Added connection com.mysql.cj.jdbc.ConnectionImpl@22f6ca48
2025-07-20 15:18:49.646 [RMI TCP Connection(3)-127.0.0.1] INFO  com.zaxxer.hikari.HikariDataSource - HikariPool-1 - Start completed.
2025-07-20 15:18:50.392 [http-nio-8080-exec-1] INFO  com.itheima.controller.EmpController - 分页查询:,null,null,1,20
2025-07-20 15:18:50.864 [http-nio-8080-exec-1] INFO  com.itheima.controller.EmpController - 查询成功
2025-07-20 15:19:02.757 [http-nio-8080-exec-2] INFO  com.itheima.controller.EmpController - 分页查询:,null,null,1,40
2025-07-20 15:19:02.851 [http-nio-8080-exec-2] INFO  com.itheima.controller.EmpController - 查询成功
2025-07-20 15:19:08.938 [http-nio-8080-exec-3] INFO  com.itheima.controller.EmpController - 分页查询:,null,null,2,40
2025-07-20 15:19:09.026 [http-nio-8080-exec-3] INFO  com.itheima.controller.EmpController - 查询成功
2025-07-20 15:34:20.949 [SpringApplicationShutdownHook] INFO  o.s.boot.web.embedded.tomcat.GracefulShutdown - Commencing graceful shutdown. Waiting for active requests to complete
2025-07-20 15:34:20.955 [tomcat-shutdown] INFO  o.s.boot.web.embedded.tomcat.GracefulShutdown - Graceful shutdown complete
2025-07-20 15:34:20.960 [SpringApplicationShutdownHook] INFO  com.zaxxer.hikari.HikariDataSource - HikariPool-1 - Shutdown initiated...
2025-07-20 15:34:20.967 [SpringApplicationShutdownHook] INFO  com.zaxxer.hikari.HikariDataSource - HikariPool-1 - Shutdown completed.
2025-07-20 15:35:36.343 [main] INFO  com.itheima.TliasWebManagementApplication - Starting TliasWebManagementApplication using Java 17.0.14 with PID 22680 (/Users/zhoushihao/IdeaProjects/web-ai-project02/tlias-web-management/target/classes started by zhoushihao in /Users/zhoushihao/IdeaProjects/web-ai-project02)
2025-07-20 15:35:36.345 [main] INFO  com.itheima.TliasWebManagementApplication - No active profile set, falling back to 1 default profile: "default"
2025-07-20 15:35:36.830 [main] INFO  o.s.boot.web.embedded.tomcat.TomcatWebServer - Tomcat initialized with port 8080 (http)
2025-07-20 15:35:36.835 [main] INFO  org.apache.coyote.http11.Http11NioProtocol - Initializing ProtocolHandler ["http-nio-8080"]
2025-07-20 15:35:36.835 [main] INFO  org.apache.catalina.core.StandardService - Starting service [Tomcat]
2025-07-20 15:35:36.835 [main] INFO  org.apache.catalina.core.StandardEngine - Starting Servlet engine: [Apache Tomcat/10.1.40]
2025-07-20 15:35:36.853 [main] INFO  o.a.c.core.ContainerBase.[Tomcat].[localhost].[/] - Initializing Spring embedded WebApplicationContext
2025-07-20 15:35:36.854 [main] INFO  o.s.b.w.s.c.ServletWebServerApplicationContext - Root WebApplicationContext: initialization completed in 494 ms
2025-07-20 15:35:40.688 [main] INFO  o.s.b.actuate.endpoint.web.EndpointLinksResolver - Exposing 1 endpoint beneath base path '/actuator'
2025-07-20 15:35:41.132 [main] INFO  org.apache.coyote.http11.Http11NioProtocol - Starting ProtocolHandler ["http-nio-8080"]
2025-07-20 15:35:41.154 [main] INFO  o.s.boot.web.embedded.tomcat.TomcatWebServer - Tomcat started on port 8080 (http) with context path '/'
2025-07-20 15:35:41.370 [main] INFO  com.itheima.TliasWebManagementApplication - Started TliasWebManagementApplication in 5.15 seconds (process running for 5.88)
2025-07-20 15:35:41.939 [RMI TCP Connection(3)-127.0.0.1] INFO  o.a.c.core.ContainerBase.[Tomcat].[localhost].[/] - Initializing Spring DispatcherServlet 'dispatcherServlet'
2025-07-20 15:35:41.940 [RMI TCP Connection(3)-127.0.0.1] INFO  org.springframework.web.servlet.DispatcherServlet - Initializing Servlet 'dispatcherServlet'
2025-07-20 15:35:41.938 [RMI TCP Connection(1)-127.0.0.1] INFO  com.zaxxer.hikari.HikariDataSource - HikariPool-1 - Starting...
2025-07-20 15:35:41.960 [RMI TCP Connection(3)-127.0.0.1] INFO  org.springframework.web.servlet.DispatcherServlet - Completed initialization in 20 ms
2025-07-20 15:35:42.661 [RMI TCP Connection(1)-127.0.0.1] INFO  com.zaxxer.hikari.pool.HikariPool - HikariPool-1 - Added connection com.mysql.cj.jdbc.ConnectionImpl@5796db8e
2025-07-20 15:35:42.668 [RMI TCP Connection(1)-127.0.0.1] INFO  com.zaxxer.hikari.HikariDataSource - HikariPool-1 - Start completed.
2025-07-20 15:35:43.594 [http-nio-8080-exec-1] INFO  com.itheima.controller.EmpController - 分页查询:,null,null,1,20
2025-07-20 15:35:44.041 [http-nio-8080-exec-1] INFO  com.itheima.controller.EmpController - 查询成功
2025-07-20 15:45:11.250 [http-nio-8080-exec-2] INFO  com.itheima.controller.EmpController - 分页查询:,null,null,1,20
2025-07-20 15:45:11.321 [http-nio-8080-exec-2] INFO  com.itheima.controller.EmpController - 查询成功
2025-07-20 15:45:40.855 [HikariPool-1 housekeeper] WARN  com.zaxxer.hikari.pool.HikariPool - HikariPool-1 - Retrograde clock change detected (housekeeper delta=28s9ms), soft-evicting connections from pool.
2025-07-20 16:37:59.418 [http-nio-8080-exec-3] INFO  com.itheima.controller.EmpController - 分页查询:,null,null,2,20
2025-07-20 16:37:59.488 [http-nio-8080-exec-3] INFO  com.itheima.controller.EmpController - 查询成功
2025-07-20 16:38:02.364 [http-nio-8080-exec-4] INFO  com.itheima.controller.EmpController - 分页查询:,null,null,3,20
2025-07-20 16:38:02.427 [http-nio-8080-exec-4] INFO  com.itheima.controller.EmpController - 查询成功
2025-07-20 16:41:03.726 [http-nio-8080-exec-5] INFO  com.itheima.controller.EmpController - 分页查询:,null,null,1,20
2025-07-20 16:41:03.780 [http-nio-8080-exec-5] INFO  com.itheima.controller.EmpController - 查询成功
2025-07-20 16:41:07.902 [http-nio-8080-exec-6] INFO  com.itheima.controller.EmpController - 分页查询:,null,null,1,20
2025-07-20 16:41:07.967 [http-nio-8080-exec-6] INFO  com.itheima.controller.EmpController - 查询成功
2025-07-20 16:41:51.271 [http-nio-8080-exec-7] INFO  com.itheima.controller.EmpController - 分页查询:,null,null,1,20
2025-07-20 16:41:51.332 [http-nio-8080-exec-7] INFO  com.itheima.controller.EmpController - 查询成功
2025-07-20 16:44:33.248 [http-nio-8080-exec-8] INFO  com.itheima.controller.DeptController - 检索全部部门数据
2025-07-20 16:44:33.298 [http-nio-8080-exec-8] INFO  com.itheima.controller.DeptController - 检索成功
2025-07-20 16:53:35.639 [http-nio-8080-exec-9] INFO  com.itheima.controller.DeptController - 检索全部部门数据
2025-07-20 16:53:35.710 [http-nio-8080-exec-9] INFO  com.itheima.controller.DeptController - 检索成功
2025-07-20 16:53:39.975 [http-nio-8080-exec-1] INFO  com.itheima.controller.DeptController - 检索全部部门数据
2025-07-20 16:53:39.982 [http-nio-8080-exec-10] INFO  com.itheima.controller.EmpController - 分页查询:,null,null,1,20
2025-07-20 16:53:40.007 [http-nio-8080-exec-1] INFO  com.itheima.controller.DeptController - 检索成功
2025-07-20 16:53:40.040 [http-nio-8080-exec-10] INFO  com.itheima.controller.EmpController - 查询成功
2025-07-20 17:28:34.752 [http-nio-8080-exec-3] INFO  com.itheima.controller.DeptController - 检索全部部门数据
2025-07-20 17:28:34.758 [http-nio-8080-exec-2] INFO  com.itheima.controller.EmpController - 分页查询:,null,null,1,20
2025-07-20 17:28:34.790 [http-nio-8080-exec-3] INFO  com.itheima.controller.DeptController - 检索成功
2025-07-20 17:28:34.813 [http-nio-8080-exec-2] INFO  com.itheima.controller.EmpController - 查询成功
2025-07-20 17:50:25.455 [http-nio-8080-exec-4] ERROR com.itheima.Exception.GlobalExceptionHandler - Maximum upload size exceeded
org.springframework.web.multipart.MaxUploadSizeExceededException: Maximum upload size exceeded
	at org.springframework.web.multipart.support.StandardMultipartHttpServletRequest.handleParseFailure(StandardMultipartHttpServletRequest.java:125)
	at org.springframework.web.multipart.support.StandardMultipartHttpServletRequest.parseRequest(StandardMultipartHttpServletRequest.java:112)
	at org.springframework.web.multipart.support.StandardMultipartHttpServletRequest.<init>(StandardMultipartHttpServletRequest.java:88)
	at org.springframework.web.multipart.support.StandardServletMultipartResolver.resolveMultipart(StandardServletMultipartResolver.java:112)
	at org.springframework.web.servlet.DispatcherServlet.checkMultipart(DispatcherServlet.java:1228)
	at org.springframework.web.servlet.DispatcherServlet.doDispatch(DispatcherServlet.java:1061)
	at org.springframework.web.servlet.DispatcherServlet.doService(DispatcherServlet.java:979)
	at org.springframework.web.servlet.FrameworkServlet.processRequest(FrameworkServlet.java:1014)
	at org.springframework.web.servlet.FrameworkServlet.doPost(FrameworkServlet.java:914)
	at jakarta.servlet.http.HttpServlet.service(HttpServlet.java:590)
	at org.springframework.web.servlet.FrameworkServlet.service(FrameworkServlet.java:885)
	at jakarta.servlet.http.HttpServlet.service(HttpServlet.java:658)
	at org.apache.catalina.core.ApplicationFilterChain.internalDoFilter(ApplicationFilterChain.java:195)
	at org.apache.catalina.core.ApplicationFilterChain.doFilter(ApplicationFilterChain.java:140)
	at org.apache.tomcat.websocket.server.WsFilter.doFilter(WsFilter.java:51)
	at org.apache.catalina.core.ApplicationFilterChain.internalDoFilter(ApplicationFilterChain.java:164)
	at org.apache.catalina.core.ApplicationFilterChain.doFilter(ApplicationFilterChain.java:140)
	at org.springframework.web.filter.RequestContextFilter.doFilterInternal(RequestContextFilter.java:100)
	at org.springframework.web.filter.OncePerRequestFilter.doFilter(OncePerRequestFilter.java:116)
	at org.apache.catalina.core.ApplicationFilterChain.internalDoFilter(ApplicationFilterChain.java:164)
	at org.apache.catalina.core.ApplicationFilterChain.doFilter(ApplicationFilterChain.java:140)
	at org.springframework.web.filter.FormContentFilter.doFilterInternal(FormContentFilter.java:93)
	at org.springframework.web.filter.OncePerRequestFilter.doFilter(OncePerRequestFilter.java:116)
	at org.apache.catalina.core.ApplicationFilterChain.internalDoFilter(ApplicationFilterChain.java:164)
	at org.apache.catalina.core.ApplicationFilterChain.doFilter(ApplicationFilterChain.java:140)
	at org.springframework.web.filter.ServerHttpObservationFilter.doFilterInternal(ServerHttpObservationFilter.java:114)
	at org.springframework.web.filter.OncePerRequestFilter.doFilter(OncePerRequestFilter.java:116)
	at org.apache.catalina.core.ApplicationFilterChain.internalDoFilter(ApplicationFilterChain.java:164)
	at org.apache.catalina.core.ApplicationFilterChain.doFilter(ApplicationFilterChain.java:140)
	at org.springframework.web.filter.CharacterEncodingFilter.doFilterInternal(CharacterEncodingFilter.java:201)
	at org.springframework.web.filter.OncePerRequestFilter.doFilter(OncePerRequestFilter.java:116)
	at org.apache.catalina.core.ApplicationFilterChain.internalDoFilter(ApplicationFilterChain.java:164)
	at org.apache.catalina.core.ApplicationFilterChain.doFilter(ApplicationFilterChain.java:140)
	at org.apache.catalina.core.StandardWrapperValve.invoke(StandardWrapperValve.java:167)
	at org.apache.catalina.core.StandardContextValve.invoke(StandardContextValve.java:90)
	at org.apache.catalina.authenticator.AuthenticatorBase.invoke(AuthenticatorBase.java:483)
	at org.apache.catalina.core.StandardHostValve.invoke(StandardHostValve.java:116)
	at org.apache.catalina.valves.ErrorReportValve.invoke(ErrorReportValve.java:93)
	at org.apache.catalina.core.StandardEngineValve.invoke(StandardEngineValve.java:74)
	at org.apache.catalina.connector.CoyoteAdapter.service(CoyoteAdapter.java:344)
	at org.apache.coyote.http11.Http11Processor.service(Http11Processor.java:398)
	at org.apache.coyote.AbstractProcessorLight.process(AbstractProcessorLight.java:63)
	at org.apache.coyote.AbstractProtocol$ConnectionHandler.process(AbstractProtocol.java:903)
	at org.apache.tomcat.util.net.NioEndpoint$SocketProcessor.doRun(NioEndpoint.java:1740)
	at org.apache.tomcat.util.net.SocketProcessorBase.run(SocketProcessorBase.java:52)
	at org.apache.tomcat.util.threads.ThreadPoolExecutor.runWorker(ThreadPoolExecutor.java:1189)
	at org.apache.tomcat.util.threads.ThreadPoolExecutor$Worker.run(ThreadPoolExecutor.java:658)
	at org.apache.tomcat.util.threads.TaskThread$WrappingRunnable.run(TaskThread.java:63)
	at java.base/java.lang.Thread.run(Thread.java:840)
Caused by: java.lang.IllegalStateException: org.apache.tomcat.util.http.fileupload.impl.FileSizeLimitExceededException: The field file exceeds its maximum permitted size of 1048576 bytes.
	at org.apache.catalina.connector.Request.parseParts(Request.java:2625)
	at org.apache.catalina.connector.Request.getParts(Request.java:2484)
	at org.apache.catalina.connector.RequestFacade.getParts(RequestFacade.java:773)
	at org.springframework.web.multipart.support.StandardMultipartHttpServletRequest.parseRequest(StandardMultipartHttpServletRequest.java:95)
	... 47 common frames omitted
Caused by: org.apache.tomcat.util.http.fileupload.impl.FileSizeLimitExceededException: The field file exceeds its maximum permitted size of 1048576 bytes.
	at org.apache.tomcat.util.http.fileupload.impl.FileItemStreamImpl$1.raiseError(FileItemStreamImpl.java:117)
	at org.apache.tomcat.util.http.fileupload.util.LimitedInputStream.checkLimit(LimitedInputStream.java:76)
	at org.apache.tomcat.util.http.fileupload.util.LimitedInputStream.read(LimitedInputStream.java:135)
	at java.base/java.io.FilterInputStream.read(FilterInputStream.java:106)
	at org.apache.tomcat.util.http.fileupload.util.Streams.copy(Streams.java:96)
	at org.apache.tomcat.util.http.fileupload.FileUploadBase.parseRequest(FileUploadBase.java:292)
	at org.apache.catalina.connector.Request.parseParts(Request.java:2584)
	... 50 common frames omitted
2025-07-20 18:22:12.250 [http-nio-8080-exec-5] INFO  com.itheima.controller.DeptController - 检索全部部门数据
2025-07-20 18:22:12.256 [http-nio-8080-exec-6] INFO  com.itheima.controller.EmpController - 分页查询:,null,null,1,20
2025-07-20 18:22:12.290 [http-nio-8080-exec-5] INFO  com.itheima.controller.DeptController - 检索成功
2025-07-20 18:22:12.311 [http-nio-8080-exec-6] INFO  com.itheima.controller.EmpController - 查询成功
2025-07-20 20:16:14.010 [http-nio-8080-exec-8] INFO  com.itheima.controller.DeptController - 检索全部部门数据
2025-07-20 20:16:14.016 [http-nio-8080-exec-7] INFO  com.itheima.controller.EmpController - 分页查询:,null,null,1,20
2025-07-20 20:16:14.061 [http-nio-8080-exec-8] INFO  com.itheima.controller.DeptController - 检索成功
2025-07-20 20:16:14.092 [http-nio-8080-exec-7] INFO  com.itheima.controller.EmpController - 查询成功
2025-07-20 20:34:45.837 [http-nio-8080-exec-9] INFO  com.itheima.controller.DeptController - 检索全部部门数据
2025-07-20 20:34:45.874 [http-nio-8080-exec-9] INFO  com.itheima.controller.DeptController - 检索成功
2025-07-20 20:34:46.184 [http-nio-8080-exec-10] INFO  com.itheima.controller.EmpController - 分页查询:,null,null,1,20
2025-07-20 20:34:46.184 [http-nio-8080-exec-1] INFO  com.itheima.controller.DeptController - 检索全部部门数据
2025-07-20 20:34:46.206 [http-nio-8080-exec-1] INFO  com.itheima.controller.DeptController - 检索成功
2025-07-20 20:34:46.235 [http-nio-8080-exec-10] INFO  com.itheima.controller.EmpController - 查询成功
2025-07-20 20:34:49.151 [http-nio-8080-exec-2] INFO  com.itheima.controller.DeptController - 检索全部部门数据
2025-07-20 20:34:49.156 [http-nio-8080-exec-3] INFO  com.itheima.controller.EmpController - 分页查询:,null,null,1,20
2025-07-20 20:34:49.184 [http-nio-8080-exec-2] INFO  com.itheima.controller.DeptController - 检索成功
2025-07-20 20:34:49.215 [http-nio-8080-exec-3] INFO  com.itheima.controller.EmpController - 查询成功
2025-07-20 20:34:49.420 [http-nio-8080-exec-4] INFO  com.itheima.controller.DeptController - 检索全部部门数据
2025-07-20 20:34:49.451 [http-nio-8080-exec-4] INFO  com.itheima.controller.DeptController - 检索成功
2025-07-20 21:06:16.132 [http-nio-8080-exec-5] INFO  com.itheima.controller.DeptController - 检索全部部门数据
2025-07-20 21:06:16.168 [http-nio-8080-exec-5] INFO  com.itheima.controller.DeptController - 检索成功
2025-07-20 22:25:05.532 [http-nio-8080-exec-6] INFO  com.itheima.controller.DeptController - 检索全部部门数据
2025-07-20 22:25:05.572 [http-nio-8080-exec-6] INFO  com.itheima.controller.DeptController - 检索成功
2025-07-20 23:36:50.628 [http-nio-8080-exec-7] INFO  com.itheima.controller.DeptController - 检索全部部门数据
2025-07-20 23:36:50.633 [http-nio-8080-exec-8] INFO  com.itheima.controller.EmpController - 分页查询:,null,null,1,20
2025-07-20 23:36:50.656 [http-nio-8080-exec-7] INFO  com.itheima.controller.DeptController - 检索成功
2025-07-20 23:36:50.684 [http-nio-8080-exec-8] INFO  com.itheima.controller.EmpController - 查询成功
2025-07-20 23:47:09.839 [http-nio-8080-exec-1] INFO  com.itheima.controller.DeptController - 检索全部部门数据
2025-07-20 23:47:09.848 [http-nio-8080-exec-9] INFO  com.itheima.controller.EmpController - 分页查询:,null,null,1,20
2025-07-20 23:47:09.876 [http-nio-8080-exec-1] INFO  com.itheima.controller.DeptController - 检索成功
2025-07-20 23:47:09.901 [http-nio-8080-exec-9] INFO  com.itheima.controller.EmpController - 查询成功
2025-07-20 23:53:29.059 [http-nio-8080-exec-2] INFO  com.itheima.controller.DeptController - 检索全部部门数据
2025-07-20 23:53:29.091 [http-nio-8080-exec-10] INFO  com.itheima.controller.EmpController - 分页查询:,null,null,1,20
2025-07-20 23:53:29.095 [http-nio-8080-exec-2] INFO  com.itheima.controller.DeptController - 检索成功
2025-07-20 23:53:29.150 [http-nio-8080-exec-10] INFO  com.itheima.controller.EmpController - 查询成功
2025-07-20 23:53:31.913 [http-nio-8080-exec-4] INFO  com.itheima.controller.DeptController - 检索全部部门数据
2025-07-20 23:53:31.918 [http-nio-8080-exec-3] INFO  com.itheima.controller.EmpController - 分页查询:,null,null,1,20
2025-07-20 23:53:31.945 [http-nio-8080-exec-4] INFO  com.itheima.controller.DeptController - 检索成功
2025-07-20 23:53:31.970 [http-nio-8080-exec-3] INFO  com.itheima.controller.EmpController - 查询成功
2025-07-20 23:57:44.674 [http-nio-8080-exec-6] INFO  com.itheima.controller.DeptController - 检索全部部门数据
2025-07-20 23:57:44.678 [http-nio-8080-exec-5] INFO  com.itheima.controller.EmpController - 分页查询:,null,null,1,20
2025-07-20 23:57:44.701 [http-nio-8080-exec-6] INFO  com.itheima.controller.DeptController - 检索成功
2025-07-20 23:57:44.728 [http-nio-8080-exec-5] INFO  com.itheima.controller.EmpController - 查询成功
2025-07-20 23:57:46.372 [http-nio-8080-exec-8] INFO  com.itheima.controller.DeptController - 检索全部部门数据
2025-07-20 23:57:46.377 [http-nio-8080-exec-7] INFO  com.itheima.controller.EmpController - 分页查询:,null,null,1,20
2025-07-20 23:57:46.404 [http-nio-8080-exec-8] INFO  com.itheima.controller.DeptController - 检索成功
2025-07-20 23:57:46.431 [http-nio-8080-exec-7] INFO  com.itheima.controller.EmpController - 查询成功
